<?xml version="1.0" encoding="UTF-8"?>
<!-- Generated by org.testng.reporters.JUnitReportReporter -->
<testsuite hostname="DESKTOP-IHN8STQ" failures="0" tests="2" name="Test_Practice.Annotationtest" time="0.019" errors="0" timestamp="2023-03-23T16:21:50 IST" skipped="0">
  <testcase classname="Test_Practice.Annotationtest" name="testing1" time="0.004"/>
  <system-out/>
  <testcase classname="Test_Practice.Annotationtest" name="testing" time="0.015"/>
  <system-out/>
</testsuite> <!-- Test_Practice.Annotationtest -->
