<?xml version="1.0" encoding="UTF-8"?>
<!-- Generated by org.testng.reporters.JUnitReportReporter -->
<testsuite hostname="DESKTOP-IHN8STQ" failures="0" tests="1" name="Xpath.ICCC111" time="24.476" errors="0" timestamp="2023-05-23T13:28:28 IST" skipped="0">
  <testcase classname="Xpath.ICCC111" name="test001" time="24.476"/>
  <system-out/>
</testsuite> <!-- Xpath.ICCC111 -->
