<?xml version="1.0" encoding="UTF-8"?>
<!-- Generated by org.testng.reporters.JUnitReportReporter -->
<testsuite hostname="DESKTOP-IHN8STQ" failures="0" tests="2" name="Test_Practice.Test03" time="0.005" errors="0" timestamp="2023-03-28T17:13:50 IST" skipped="0">
  <testcase classname="Test_Practice.Test03" name="test06" time="0.003"/>
  <system-out/>
  <testcase classname="Test_Practice.Test03" name="test05" time="0.002"/>
  <system-out/>
</testsuite> <!-- Test_Practice.Test03 -->
