<?xml version="1.0" encoding="UTF-8"?>
<!-- Generated by org.testng.reporters.JUnitReportReporter -->
<testsuite hostname="DESKTOP-IHN8STQ" failures="0" tests="2" name="Test_Practice.DtTest1" time="0.020" errors="0" timestamp="2023-03-24T10:01:46 IST" skipped="0">
  <testcase classname="Test_Practice.DtTest1" name="getdata" time="0.016"/>
  <system-out/>
  <testcase classname="Test_Practice.DtTest1" name="getdata" time="0.004"/>
  <system-out/>
</testsuite> <!-- Test_Practice.DtTest1 -->
