<?xml version="1.0" encoding="UTF-8"?>
<!-- Generated by org.testng.reporters.JUnitReportReporter -->
<testsuite hostname="DESKTOP-IHN8STQ" failures="0" tests="2" name="Test_Practice.DataProvider1" time="0.045" errors="0" timestamp="2023-03-31T15:12:32 IST" skipped="0">
  <testcase classname="Test_Practice.DataProvider1" name="getdata" time="0.003"/>
  <system-out/>
  <testcase classname="Test_Practice.DataProvider1" name="getdata" time="0.042"/>
  <system-out/>
</testsuite> <!-- Test_Practice.DataProvider1 -->
