<?xml version="1.0" encoding="UTF-8"?>
<!-- Generated by org.testng.reporters.JUnitReportReporter -->
<testsuite hostname="DESKTOP-IHN8STQ" failures="0" tests="2" name="AA_Practice1.Test1" time="0.030" errors="0" timestamp="2023-04-21T17:07:19 IST" skipped="1">
  <testcase classname="AA_Practice1.Test1" name="t002" time="0.030"/>
  <system-out/>
  <testcase classname="AA_Practice1.Test1" name="t001">
    <skipped/>
  </testcase> <!-- t001 -->
  <system-out/>
</testsuite> <!-- AA_Practice1.Test1 -->
