<?xml version="1.0" encoding="UTF-8"?>
<!-- Generated by org.testng.reporters.JUnitReportReporter -->
<testsuite hostname="DESKTOP-IHN8STQ" failures="0" tests="2" name="Test_Practice.DataAcessbyGU" time="0.019" errors="0" timestamp="2023-03-24T10:49:46 IST" skipped="0">
  <testcase classname="Test_Practice.DataAcessbyGU" name="getdata" time="0.005"/>
  <system-out/>
  <testcase classname="Test_Practice.DataAcessbyGU" name="getdata" time="0.014"/>
  <system-out/>
</testsuite> <!-- Test_Practice.DataAcessbyGU -->
