<?xml version="1.0" encoding="UTF-8"?>
<!-- Generated by org.testng.reporters.JUnitReportReporter -->
<testsuite hostname="DESKTOP-IHN8STQ" failures="0" tests="2" name="Test_Practice.Priority1" time="0.023" errors="0" timestamp="2023-03-24T10:09:39 IST" skipped="0">
  <testcase classname="Test_Practice.Priority1" name="create" time="0.018"/>
  <system-out/>
  <testcase classname="Test_Practice.Priority1" name="enter" time="0.005"/>
  <system-out/>
</testsuite> <!-- Test_Practice.Priority1 -->
