<?xml version="1.0" encoding="UTF-8"?>
<!-- Generated by org.testng.reporters.JUnitReportReporter -->
<testsuite hostname="DESKTOP-IHN8STQ" failures="0" tests="2" name="Test_Practice.Priority1" time="0.018" errors="0" timestamp="2023-04-19T12:16:23 IST" skipped="1">
  <testcase classname="Test_Practice.Priority1" name="create" time="0.018"/>
  <system-out/>
  <testcase classname="Test_Practice.Priority1" name="enter">
    <skipped/>
  </testcase> <!-- enter -->
  <system-out/>
</testsuite> <!-- Test_Practice.Priority1 -->
