<?xml version="1.0" encoding="UTF-8"?>
<!-- Generated by org.testng.reporters.JUnitReportReporter -->
<testsuite hostname="DESKTOP-IHN8STQ" failures="0" tests="2" name="Test_Practice.DtTest" time="0.019" errors="0" timestamp="2023-03-23T17:31:13 IST" skipped="0">
  <testcase classname="Test_Practice.DtTest" name="getdata" time="0.017"/>
  <system-out/>
  <testcase classname="Test_Practice.DtTest" name="getdata" time="0.002"/>
  <system-out/>
</testsuite> <!-- Test_Practice.DtTest -->
