<?xml version="1.0" encoding="UTF-8"?>
<!-- Generated by org.testng.reporters.JUnitReportReporter -->
<testsuite hostname="DESKTOP-IHN8STQ" failures="0" tests="1" name="Test_Practice.Priority" time="0.032" errors="0" timestamp="2023-03-23T16:20:32 IST" skipped="0">
  <testcase classname="Test_Practice.Priority" name="testing" time="0.032"/>
  <system-out/>
</testsuite> <!-- Test_Practice.Priority -->
